This file contains any messages produced by compilers while
running configure, to aid debugging if configure makes a mistake.

It was created by FreeType configure 2.10, which was
generated by GNU Autoconf 2.69.  Invocation command line was

  $ ./configure 

## --------- ##
## Platform. ##
## --------- ##

hostname = alisa-VirtualBox
uname -m = x86_64
uname -r = 5.8.0-50-generic
uname -s = Linux
uname -v = #56~20.04.1-Ubuntu SMP Mon Apr 12 21:46:35 UTC 2021

/usr/bin/uname -p = x86_64
/bin/uname -X     = unknown

/bin/arch              = x86_64
/usr/bin/arch -k       = unknown
/usr/convex/getsysinfo = unknown
/usr/bin/hostinfo      = unknown
/bin/machine           = unknown
/usr/bin/oslevel       = unknown
/bin/universe          = unknown

PATH: /usr/local/sbin
PATH: /usr/local/bin
PATH: /usr/sbin
PATH: /usr/bin
PATH: /sbin
PATH: /bin
PATH: /usr/games
PATH: /usr/local/games
PATH: /snap/bin


## ----------- ##
## Core tests. ##
## ----------- ##

configure:2555: checking build system type
configure:2569: result: x86_64-pc-linux-gnu
configure:2589: checking host system type
configure:2602: result: x86_64-pc-linux-gnu
configure:2674: checking for gcc
configure:2690: found /usr/bin/gcc
configure:2701: result: gcc
configure:2930: checking for C compiler version
configure:2939: gcc --version >&5
gcc (Ubuntu 9.3.0-17ubuntu1~20.04) 9.3.0
Copyright (C) 2019 Free Software Foundation, Inc.
This is free software; see the source for copying conditions.  There is NO
warranty; not even for MERCHANTABILITY or FITNESS FOR A PARTICULAR PURPOSE.

configure:2950: $? = 0
configure:2939: gcc -v >&5
Using built-in specs.
COLLECT_GCC=gcc
COLLECT_LTO_WRAPPER=/usr/lib/gcc/x86_64-linux-gnu/9/lto-wrapper
OFFLOAD_TARGET_NAMES=nvptx-none:hsa
OFFLOAD_TARGET_DEFAULT=1
Target: x86_64-linux-gnu
Configured with: ../src/configure -v --with-pkgversion='Ubuntu 9.3.0-17ubuntu1~20.04' --with-bugurl=file:///usr/share/doc/gcc-9/README.Bugs --enable-languages=c,ada,c++,go,brig,d,fortran,objc,obj-c++,gm2 --prefix=/usr --with-gcc-major-version-only --program-suffix=-9 --program-prefix=x86_64-linux-gnu- --enable-shared --enable-linker-build-id --libexecdir=/usr/lib --without-included-gettext --enable-threads=posix --libdir=/usr/lib --enable-nls --enable-clocale=gnu --enable-libstdcxx-debug --enable-libstdcxx-time=yes --with-default-libstdcxx-abi=new --enable-gnu-unique-object --disable-vtable-verify --enable-plugin --enable-default-pie --with-system-zlib --with-target-system-zlib=auto --enable-objc-gc=auto --enable-multiarch --disable-werror --with-arch-32=i686 --with-abi=m64 --with-multilib-list=m32,m64,mx32 --enable-multilib --with-tune=generic --enable-offload-targets=nvptx-none=/build/gcc-9-HskZEa/gcc-9-9.3.0/debian/tmp-nvptx/usr,hsa --without-cuda-driver --enable-checking=release --build=x86_64-linux-gnu --host=x86_64-linux-gnu --target=x86_64-linux-gnu
Thread model: posix
gcc version 9.3.0 (Ubuntu 9.3.0-17ubuntu1~20.04) 
configure:2950: $? = 0
configure:2939: gcc -V >&5
gcc: error: unrecognized command line option '-V'
gcc: fatal error: no input files
compilation terminated.
configure:2950: $? = 1
configure:2939: gcc -qversion >&5
gcc: error: unrecognized command line option '-qversion'; did you mean '--version'?
gcc: fatal error: no input files
compilation terminated.
configure:2950: $? = 1
configure:2970: checking whether the C compiler works
configure:2992: gcc    conftest.c  >&5
configure:2996: $? = 0
configure:3044: result: yes
configure:3047: checking for C compiler default output file name
configure:3049: result: a.out
configure:3055: checking for suffix of executables
configure:3062: gcc -o conftest    conftest.c  >&5
configure:3066: $? = 0
configure:3088: result: 
configure:3110: checking whether we are cross compiling
configure:3118: gcc -o conftest    conftest.c  >&5
configure:3122: $? = 0
configure:3129: ./conftest
configure:3133: $? = 0
configure:3121: result: no
configure:3126: checking for suffix of object files
configure:3148: gcc -c   conftest.c >&5
configure:3152: $? = 0
configure:3173: result: o
configure:3177: checking whether we are using the GNU C compiler
configure:3196: gcc -c   conftest.c >&5
configure:3196: $? = 0
configure:3205: result: yes
configure:3214: checking whether gcc accepts -g
configure:3234: gcc -c -g  conftest.c >&5
configure:3234: $? = 0
configure:3275: result: yes
configure:3292: checking for gcc option to accept ISO C89
configure:3355: gcc  -c -g -O2  conftest.c >&5
configure:3355: $? = 0
configure:3368: result: none needed
configure:3393: checking how to run the C preprocessor
configure:3424: gcc -E  conftest.c
configure:3424: $? = 0
configure:3438: gcc -E  conftest.c
conftest.c:9:10: fatal error: ac_nonexistent.h: No such file or directory
    9 | #include <ac_nonexistent.h>
      |          ^~~~~~~~~~~~~~~~~~
compilation terminated.
configure:3438: $? = 1
configure: failed program was:
| /* confdefs.h */
| #define PACKAGE_NAME "FreeType"
| #define PACKAGE_TARNAME "freetype"
| #define PACKAGE_VERSION "2.10"
| #define PACKAGE_STRING "FreeType 2.10"
| #define PACKAGE_BUGREPORT "freetype@nongnu.org"
| #define PACKAGE_URL ""
| /* end confdefs.h.  */
| #include <ac_nonexistent.h>
configure:3463: result: gcc -E
configure:3483: gcc -E  conftest.c
configure:3483: $? = 0
configure:3497: gcc -E  conftest.c
conftest.c:9:10: fatal error: ac_nonexistent.h: No such file or directory
    9 | #include <ac_nonexistent.h>
      |          ^~~~~~~~~~~~~~~~~~
compilation terminated.
configure:3497: $? = 1
configure: failed program was:
| /* confdefs.h */
| #define PACKAGE_NAME "FreeType"
| #define PACKAGE_TARNAME "freetype"
| #define PACKAGE_VERSION "2.10"
| #define PACKAGE_STRING "FreeType 2.10"
| #define PACKAGE_BUGREPORT "freetype@nongnu.org"
| #define PACKAGE_URL ""
| /* end confdefs.h.  */
| #include <ac_nonexistent.h>
configure:3581: checking for pkg-config
configure:3599: found /usr/bin/pkg-config
configure:3611: result: /usr/bin/pkg-config
configure:3636: checking pkg-config is at least version 0.24
configure:3639: result: yes
configure:3694: checking how to print strings
configure:3721: result: printf
configure:3742: checking for a sed that does not truncate output
configure:3806: result: /usr/bin/sed
configure:3824: checking for grep that handles long lines and -e
configure:3882: result: /usr/bin/grep
configure:3887: checking for egrep
configure:3949: result: /usr/bin/grep -E
configure:3954: checking for fgrep
configure:4016: result: /usr/bin/grep -F
configure:4051: checking for ld used by gcc
configure:4118: result: /usr/bin/ld
configure:4125: checking if the linker (/usr/bin/ld) is GNU ld
configure:4140: result: yes
configure:4152: checking for BSD- or MS-compatible name lister (nm)
configure:4206: result: /usr/bin/nm -B
configure:4336: checking the name lister (/usr/bin/nm -B) interface
configure:4343: gcc -c -g -O2  conftest.c >&5
configure:4346: /usr/bin/nm -B "conftest.o"
configure:4349: output
0000000000000000 B some_variable
configure:4350: result: BSD nm
configure:4353: checking whether ln -s works
configure:4357: result: yes
configure:4365: checking the maximum length of command line arguments
configure:4496: result: 1572864
configure:4544: checking how to convert x86_64-pc-linux-gnu file names to x86_64-pc-linux-gnu format
configure:4584: result: func_convert_file_noop
configure:4591: checking how to convert x86_64-pc-linux-gnu file names to toolchain format
configure:4611: result: func_convert_file_noop
configure:4618: checking for /usr/bin/ld option to reload object files
configure:4625: result: -r
configure:4699: checking for objdump
configure:4715: found /usr/bin/objdump
configure:4726: result: objdump
configure:4755: checking how to recognize dependent libraries
configure:4955: result: pass_all
configure:5040: checking for dlltool
configure:5070: result: no
configure:5097: checking how to associate runtime and link libraries
configure:5124: result: printf %s\n
configure:5185: checking for ar
configure:5201: found /usr/bin/ar
configure:5212: result: ar
configure:5249: checking for archiver @FILE support
configure:5266: gcc -c -g -O2  conftest.c >&5
configure:5266: $? = 0
configure:5269: ar cr libconftest.a @conftest.lst >&5
configure:5272: $? = 0
configure:5277: ar cr libconftest.a @conftest.lst >&5
ar: conftest.o: No such file or directory
configure:5280: $? = 1
configure:5279: result: @
configure:5337: checking for strip
configure:5353: found /usr/bin/strip
configure:5364: result: strip
configure:5436: checking for ranlib
configure:5452: found /usr/bin/ranlib
configure:5463: result: ranlib
configure:5540: checking for gawk
configure:5570: result: no
configure:5540: checking for mawk
configure:5556: found /usr/bin/mawk
configure:5567: result: mawk
configure:5607: checking command to parse /usr/bin/nm -B output from gcc object
configure:5760: gcc -c -g -O2  conftest.c >&5
configure:5763: $? = 0
configure:5767: /usr/bin/nm -B conftest.o | sed -n -e 's/^.*[	 ]\([ABCDGIRSTW][ABCDGIRSTW]*\)[	 ][	 ]*\([_A-Za-z][_A-Za-z0-9]*\)$/\1 \2 \2/p' | sed '/ __gnu_lto/d' > conftest.nm
configure:5833: gcc -o conftest -g -O2   conftest.c conftstm.o >&5
configure:5836: $? = 0
configure:5874: result: ok
configure:5921: checking for sysroot
configure:5951: result: no
configure:5958: checking for a working dd
configure:5996: result: /usr/bin/dd
configure:6000: checking how to truncate binary pipes
configure:6015: result: /usr/bin/dd bs=4096 count=1
configure:6151: gcc -c -g -O2  conftest.c >&5
configure:6154: $? = 0
configure:6344: checking for mt
configure:6360: found /usr/bin/mt
configure:6371: result: mt
configure:6394: checking if mt is a manifest tool
configure:6400: mt '-?'
configure:6408: result: no
configure:7081: checking for ANSI C header files
configure:7101: gcc -c -g -O2  conftest.c >&5
configure:7101: $? = 0
configure:7174: gcc -o conftest -g -O2   conftest.c  >&5
configure:7174: $? = 0
configure:7174: ./conftest
configure:7174: $? = 0
configure:7185: result: yes
configure:7198: checking for sys/types.h
configure:7198: gcc -c -g -O2  conftest.c >&5
configure:7198: $? = 0
configure:7198: result: yes
configure:7198: checking for sys/stat.h
configure:7198: gcc -c -g -O2  conftest.c >&5
configure:7198: $? = 0
configure:7198: result: yes
configure:7198: checking for stdlib.h
configure:7198: gcc -c -g -O2  conftest.c >&5
configure:7198: $? = 0
configure:7198: result: yes
configure:7198: checking for string.h
configure:7198: gcc -c -g -O2  conftest.c >&5
configure:7198: $? = 0
configure:7198: result: yes
configure:7198: checking for memory.h
configure:7198: gcc -c -g -O2  conftest.c >&5
configure:7198: $? = 0
configure:7198: result: yes
configure:7198: checking for strings.h
configure:7198: gcc -c -g -O2  conftest.c >&5
configure:7198: $? = 0
configure:7198: result: yes
configure:7198: checking for inttypes.h
configure:7198: gcc -c -g -O2  conftest.c >&5
configure:7198: $? = 0
configure:7198: result: yes
configure:7198: checking for stdint.h
configure:7198: gcc -c -g -O2  conftest.c >&5
configure:7198: $? = 0
configure:7198: result: yes
configure:7198: checking for unistd.h
configure:7198: gcc -c -g -O2  conftest.c >&5
configure:7198: $? = 0
configure:7198: result: yes
configure:7212: checking for dlfcn.h
configure:7212: gcc -c -g -O2  conftest.c >&5
configure:7212: $? = 0
configure:7212: result: yes
configure:7766: checking for objdir
configure:7781: result: .libs
configure:8041: checking if gcc supports -fno-rtti -fno-exceptions
configure:8059: gcc -c -g -O2  -fno-rtti -fno-exceptions conftest.c >&5
cc1: warning: command line option '-fno-rtti' is valid for C++/D/ObjC++ but not for C
configure:8063: $? = 0
configure:8076: result: no
configure:8440: checking for gcc option to produce PIC
configure:8447: result: -fPIC -DPIC
configure:8455: checking if gcc PIC flag -fPIC -DPIC works
configure:8473: gcc -c -g -O2  -fPIC -DPIC -DPIC conftest.c >&5
configure:8477: $? = 0
configure:8490: result: yes
configure:8519: checking if gcc static flag -static works
configure:8547: result: yes
configure:8562: checking if gcc supports -c -o file.o
configure:8583: gcc -c -g -O2  -o out/conftest2.o conftest.c >&5
configure:8587: $? = 0
configure:8609: result: yes
configure:8617: checking if gcc supports -c -o file.o
configure:8664: result: yes
configure:8697: checking whether the gcc linker (/usr/bin/ld -m elf_x86_64) supports shared libraries
configure:9960: result: yes
configure:9997: checking whether -lc should be explicitly linked in
configure:10005: gcc -c -g -O2  conftest.c >&5
configure:10008: $? = 0
configure:10023: gcc -shared  -fPIC -DPIC conftest.o  -v -Wl,-soname -Wl,conftest -o conftest 2\>\&1 \| /usr/bin/grep  -lc  \>/dev/null 2\>\&1
configure:10026: $? = 0
configure:10040: result: no
configure:10200: checking dynamic linker characteristics
configure:10781: gcc -o conftest -g -O2   -Wl,-rpath -Wl,/foo conftest.c  >&5
configure:10781: $? = 0
configure:11030: result: GNU/Linux ld.so
configure:11152: checking how to hardcode library paths into programs
configure:11177: result: immediate
configure:11725: checking whether stripping libraries is possible
configure:11730: result: yes
configure:11765: checking if libtool supports shared libraries
configure:11767: result: yes
configure:11770: checking whether to build shared libraries
configure:11795: result: yes
configure:11798: checking whether to build static libraries
configure:11802: result: yes
configure:8615: checking windows.h usability
configure:8615: gcc -c -g -O2  conftest.c >&5
conftest.c:54:10: fatal error: windows.h: No such file or directory
   54 | #include <windows.h>
      |          ^~~~~~~~~~~
compilation terminated.
configure:8615: $? = 1
configure: failed program was:
| /* confdefs.h */
| #define PACKAGE_NAME "FreeType"
| #define PACKAGE_TARNAME "freetype"
| #define PACKAGE_VERSION "2.10"
| #define PACKAGE_STRING "FreeType 2.10"
| #define PACKAGE_BUGREPORT "freetype@nongnu.org"
| #define PACKAGE_URL ""
| #define STDC_HEADERS 1
| #define HAVE_SYS_TYPES_H 1
| #define HAVE_SYS_STAT_H 1
| #define HAVE_STDLIB_H 1
| #define HAVE_STRING_H 1
| #define HAVE_MEMORY_H 1
| #define HAVE_STRINGS_H 1
| #define HAVE_INTTYPES_H 1
| #define HAVE_STDINT_H 1
| #define HAVE_UNISTD_H 1
| #define HAVE_DLFCN_H 1
| #define LT_OBJDIR ".libs/"
| /* end confdefs.h.  */
| #include <stdio.h>
| #ifdef HAVE_SYS_TYPES_H
| # include <sys/types.h>
| #endif
| #ifdef HAVE_SYS_STAT_H
| # include <sys/stat.h>
| #endif
| #ifdef STDC_HEADERS
| # include <stdlib.h>
| # include <stddef.h>
| #else
| # ifdef HAVE_STDLIB_H
| #  include <stdlib.h>
| # endif
| #endif
| #ifdef HAVE_STRING_H
| # if !defined STDC_HEADERS && defined HAVE_MEMORY_H
| #  include <memory.h>
| # endif
| # include <string.h>
| #endif
| #ifdef HAVE_STRINGS_H
| # include <strings.h>
| #endif
| #ifdef HAVE_INTTYPES_H
| # include <inttypes.h>
| #endif
| #ifdef HAVE_STDINT_H
| # include <stdint.h>
| #endif
| #ifdef HAVE_UNISTD_H
| # include <unistd.h>
| #endif
| #include <windows.h>
configure:8615: result: no
configure:8615: checking windows.h presence
configure:8615: gcc -E  conftest.c
conftest.c:21:10: fatal error: windows.h: No such file or directory
   21 | #include <windows.h>
      |          ^~~~~~~~~~~
compilation terminated.
configure:8615: $? = 1
configure: failed program was:
| /* confdefs.h */
| #define PACKAGE_NAME "FreeType"
| #define PACKAGE_TARNAME "freetype"
| #define PACKAGE_VERSION "2.10"
| #define PACKAGE_STRING "FreeType 2.10"
| #define PACKAGE_BUGREPORT "freetype@nongnu.org"
| #define PACKAGE_URL ""
| #define STDC_HEADERS 1
| #define HAVE_SYS_TYPES_H 1
| #define HAVE_SYS_STAT_H 1
| #define HAVE_STDLIB_H 1
| #define HAVE_STRING_H 1
| #define HAVE_MEMORY_H 1
| #define HAVE_STRINGS_H 1
| #define HAVE_INTTYPES_H 1
| #define HAVE_STDINT_H 1
| #define HAVE_UNISTD_H 1
| #define HAVE_DLFCN_H 1
| #define LT_OBJDIR ".libs/"
| /* end confdefs.h.  */
| #include <windows.h>
configure:8615: result: no
configure:8615: checking for windows.h
configure:8615: result: no
configure:8968: checking for a BSD-compatible install
configure:9036: result: /usr/bin/install -c
configure:9055: checking for a thread-safe mkdir -p
configure:9094: result: /usr/bin/mkdir -p
configure:9108: checking for ANSI C header files
configure:9212: result: yes
configure:9223: checking fcntl.h usability
configure:9223: gcc -c -g -O2  conftest.c >&5
configure:9223: $? = 0
configure:9223: result: yes
configure:9223: checking fcntl.h presence
configure:9223: gcc -E  conftest.c
configure:9223: $? = 0
configure:9223: result: yes
configure:9223: checking for fcntl.h
configure:9223: result: yes
configure:9223: checking for unistd.h
configure:9223: result: yes
configure:9237: checking for an ANSI C-conforming const
configure:9303: gcc -c -g -O2  conftest.c >&5
configure:9303: $? = 0
configure:9310: result: yes
configure:9322: checking size of int
configure:9327: gcc -o conftest -g -O2   conftest.c  >&5
configure:9327: $? = 0
configure:9327: ./conftest
configure:9327: $? = 0
configure:9341: result: 4
configure:9355: checking size of long
configure:9360: gcc -o conftest -g -O2   conftest.c  >&5
configure:9360: $? = 0
configure:9360: ./conftest
configure:9360: $? = 0
configure:9374: result: 8
configure:9385: checking for unsigned long long int
configure:9424: gcc -o conftest -g -O2   conftest.c  >&5
configure:9424: $? = 0
configure:9433: result: yes
configure:9443: checking for long long int
configure:9481: gcc -o conftest -g -O2   conftest.c  >&5
configure:9481: $? = 0
configure:9481: ./conftest
configure:9481: $? = 0
configure:9493: result: yes
configure:9505: checking whether cpp computation of bit length in ftconfig.in works
configure:9560: result: yes
configure:9603: checking for special C compiler options needed for large files
configure:9648: result: no
configure:9654: checking for _FILE_OFFSET_BITS value needed for large files
configure:9679: gcc -c -g -O2  conftest.c >&5
configure:9679: $? = 0
configure:9711: result: no
configure:9813: checking for stdlib.h
configure:9813: result: yes
configure:9813: checking for unistd.h
configure:9813: result: yes
configure:9813: checking for sys/param.h
configure:9813: gcc -c -g -O2  conftest.c >&5
configure:9813: $? = 0
configure:9813: result: yes
configure:9833: checking for getpagesize
configure:9833: gcc -o conftest -g -O2   conftest.c  >&5
configure:9833: $? = 0
configure:9833: result: yes
configure:9842: checking for working mmap
configure:9991: gcc -o conftest -g -O2   conftest.c  >&5
configure:9991: $? = 0
configure:9991: ./conftest
configure:9991: $? = 0
configure:10001: result: yes
configure:10017: checking whether munmap is declared
configure:10017: gcc -c -g -O2  conftest.c >&5
configure:10017: $? = 0
configure:10017: result: yes
configure:10037: checking for munmap's first parameter type
configure:10051: gcc -c -g -O2  conftest.c >&5
configure:10051: $? = 0
configure:10052: result: void *
configure:10069: checking for memcpy
configure:10069: gcc -o conftest -g -O2   conftest.c  >&5
conftest.c:58:6: warning: conflicting types for built-in function 'memcpy'; expected 'void *(void *, const void *, long unsigned int)' [-Wbuiltin-declaration-mismatch]
   58 | char memcpy ();
      |      ^~~~~~
conftest.c:46:1: note: 'memcpy' is declared in header '<string.h>'
   45 | # include <limits.h>
   46 | #else
configure:10069: $? = 0
configure:10069: result: yes
configure:10069: checking for memmove
configure:10069: gcc -o conftest -g -O2   conftest.c  >&5
conftest.c:59:6: warning: conflicting types for built-in function 'memmove'; expected 'void *(void *, const void *, long unsigned int)' [-Wbuiltin-declaration-mismatch]
   59 | char memmove ();
      |      ^~~~~~~
conftest.c:47:1: note: 'memmove' is declared in header '<string.h>'
   46 | # include <limits.h>
   47 | #else
configure:10069: $? = 0
configure:10069: result: yes
configure:10121: checking gcc compiler flag -pedantic to assure ANSI C works correctly
configure:10148: gcc -c -g -O2  -pedantic  conftest.c >&5
configure:10148: $? = 0
configure:10149: result: ok, adding to XX_ANSIFLAGS
configure:10121: checking gcc compiler flag -ansi to assure ANSI C works correctly
configure:10148: gcc -c -g -O2  -pedantic -ansi  conftest.c >&5
configure:10148: $? = 0
configure:10149: result: ok, adding to XX_ANSIFLAGS
configure:10183: checking for -fvisibility=hidden compiler flag
configure:10198: gcc -o conftest -g -O2 -fvisibility=hidden   conftest.c  >&5
configure:10198: $? = 0
configure:10200: result: yes
configure:10273: $PKG_CONFIG --exists --print-errors "$zlib_pkg"
configure:10276: $? = 0
configure:10283: checking for ZLIB
configure:10290: $PKG_CONFIG --exists --print-errors "$zlib_pkg"
configure:10293: $? = 0
configure:10307: $PKG_CONFIG --exists --print-errors "$zlib_pkg"
configure:10310: $? = 0
configure:10348: result: yes
configure:10443: $PKG_CONFIG --exists --print-errors "$bzip2_pkg"
Package bzip2 was not found in the pkg-config search path.
Perhaps you should add the directory containing `bzip2.pc'
to the PKG_CONFIG_PATH environment variable
No package 'bzip2' found
configure:10446: $? = 1
configure:10453: checking for BZIP2
configure:10460: $PKG_CONFIG --exists --print-errors "$bzip2_pkg"
Package bzip2 was not found in the pkg-config search path.
Perhaps you should add the directory containing `bzip2.pc'
to the PKG_CONFIG_PATH environment variable
No package 'bzip2' found
configure:10463: $? = 1
configure:10477: $PKG_CONFIG --exists --print-errors "$bzip2_pkg"
Package bzip2 was not found in the pkg-config search path.
Perhaps you should add the directory containing `bzip2.pc'
to the PKG_CONFIG_PATH environment variable
No package 'bzip2' found
configure:10480: $? = 1
configure:10494: result: no
No package 'bzip2' found
configure:10538: checking for BZ2_bzDecompress in -lbz2
configure:10563: gcc -o conftest -g -O2 -fvisibility=hidden   conftest.c -lbz2   >&5
/usr/bin/ld: cannot find -lbz2
collect2: error: ld returned 1 exit status
configure:10563: $? = 1
configure: failed program was:
| /* confdefs.h */
| #define PACKAGE_NAME "FreeType"
| #define PACKAGE_TARNAME "freetype"
| #define PACKAGE_VERSION "2.10"
| #define PACKAGE_STRING "FreeType 2.10"
| #define PACKAGE_BUGREPORT "freetype@nongnu.org"
| #define PACKAGE_URL ""
| #define STDC_HEADERS 1
| #define HAVE_SYS_TYPES_H 1
| #define HAVE_SYS_STAT_H 1
| #define HAVE_STDLIB_H 1
| #define HAVE_STRING_H 1
| #define HAVE_MEMORY_H 1
| #define HAVE_STRINGS_H 1
| #define HAVE_INTTYPES_H 1
| #define HAVE_STDINT_H 1
| #define HAVE_UNISTD_H 1
| #define HAVE_DLFCN_H 1
| #define LT_OBJDIR ".libs/"
| #define STDC_HEADERS 1
| #define HAVE_FCNTL_H 1
| #define HAVE_UNISTD_H 1
| #define SIZEOF_INT 4
| #define SIZEOF_LONG 8
| #define HAVE_UNSIGNED_LONG_LONG_INT 1
| #define HAVE_LONG_LONG_INT 1
| #define HAVE_STDLIB_H 1
| #define HAVE_UNISTD_H 1
| #define HAVE_SYS_PARAM_H 1
| #define HAVE_GETPAGESIZE 1
| #define HAVE_MMAP 1
| #define HAVE_DECL_MUNMAP 1
| #define MUNMAP_USES_VOIDP /**/
| #define HAVE_MEMCPY 1
| #define HAVE_MEMMOVE 1
| /* end confdefs.h.  */
| 
| /* Override any GCC internal prototype to avoid an error.
|    Use char because int might match the return type of a GCC
|    builtin and then its argument prototype would still apply.  */
| #ifdef __cplusplus
| extern "C"
| #endif
| char BZ2_bzDecompress ();
| int
| main ()
| {
| return BZ2_bzDecompress ();
|   ;
|   return 0;
| }
configure:10572: result: no
configure:10613: $PKG_CONFIG --exists --print-errors "$libpng_pkg"
Package libpng was not found in the pkg-config search path.
Perhaps you should add the directory containing `libpng.pc'
to the PKG_CONFIG_PATH environment variable
No package 'libpng' found
configure:10616: $? = 1
configure:10623: checking for LIBPNG
configure:10630: $PKG_CONFIG --exists --print-errors "$libpng_pkg"
Package libpng was not found in the pkg-config search path.
Perhaps you should add the directory containing `libpng.pc'
to the PKG_CONFIG_PATH environment variable
No package 'libpng' found
configure:10633: $? = 1
configure:10647: $PKG_CONFIG --exists --print-errors "$libpng_pkg"
Package libpng was not found in the pkg-config search path.
Perhaps you should add the directory containing `libpng.pc'
to the PKG_CONFIG_PATH environment variable
No package 'libpng' found
configure:10650: $? = 1
configure:10664: result: no
No package 'libpng' found
configure:10708: checking for libpng-config
configure:10719: result: no
configure:10749: $PKG_CONFIG --exists --print-errors "$harfbuzz_pkg"
Package harfbuzz was not found in the pkg-config search path.
Perhaps you should add the directory containing `harfbuzz.pc'
to the PKG_CONFIG_PATH environment variable
No package 'harfbuzz' found
configure:10752: $? = 1
configure:10759: checking for HARFBUZZ
configure:10766: $PKG_CONFIG --exists --print-errors "$harfbuzz_pkg"
Package harfbuzz was not found in the pkg-config search path.
Perhaps you should add the directory containing `harfbuzz.pc'
to the PKG_CONFIG_PATH environment variable
No package 'harfbuzz' found
configure:10769: $? = 1
configure:10783: $PKG_CONFIG --exists --print-errors "$harfbuzz_pkg"
Package harfbuzz was not found in the pkg-config search path.
Perhaps you should add the directory containing `harfbuzz.pc'
to the PKG_CONFIG_PATH environment variable
No package 'harfbuzz' found
configure:10786: $? = 1
configure:10800: result: no
No package 'harfbuzz' found
configure:10863: checking for library containing clock_gettime
configure:10894: gcc -o conftest -g -O2 -fvisibility=hidden   conftest.c  >&5
configure:10894: $? = 0
configure:10911: result: none required
configure:11506: checking for python3
configure:11522: found /usr/bin/python3
configure:11533: result: python3
configure:11551: checking for pip3
configure:11581: result: no
configure:11551: checking for pip2
configure:11581: result: no
configure:11551: checking for pip
configure:11581: result: no
configure:11840: creating ./config.status

## ---------------------- ##
## Running config.status. ##
## ---------------------- ##

This file was extended by FreeType config.status 2.10, which was
generated by GNU Autoconf 2.69.  Invocation command line was

  CONFIG_FILES    = 
  CONFIG_HEADERS  = 
  CONFIG_LINKS    = 
  CONFIG_COMMANDS = 
  $ ./config.status 

on alisa-VirtualBox

config.status:1138: creating ftoption.h
config.status:1138: creating unix-cc.mk
config.status:1138: creating unix-def.mk
config.status:1138: creating ftconfig.h
config.status:1333: executing libtool commands
configure:14088:

Library configuration:
  external zlib: yes (pkg-config)
  bzip2:         no
  libpng:        no
  harfbuzz:      no

configure:14106:
  Warning: `make refdoc' will fail since pip package `docwriter' is not
  installed.  To install, run `missing install docwriter', or to use a python
  virtual environment, run `make refdoc-venv' (requires pip package
  `virtualenv').
  

## ---------------- ##
## Cache variables. ##
## ---------------- ##

ac_cv_build=x86_64-pc-linux-gnu
ac_cv_c_compiler_gnu=yes
ac_cv_c_const=yes
ac_cv_env_BZIP2_CFLAGS_set=
ac_cv_env_BZIP2_CFLAGS_value=
ac_cv_env_BZIP2_LIBS_set=
ac_cv_env_BZIP2_LIBS_value=
ac_cv_env_CC_set=
ac_cv_env_CC_value=
ac_cv_env_CFLAGS_set=
ac_cv_env_CFLAGS_value=
ac_cv_env_CPPFLAGS_set=
ac_cv_env_CPPFLAGS_value=
ac_cv_env_CPP_set=
ac_cv_env_CPP_value=
ac_cv_env_HARFBUZZ_CFLAGS_set=
ac_cv_env_HARFBUZZ_CFLAGS_value=
ac_cv_env_HARFBUZZ_LIBS_set=
ac_cv_env_HARFBUZZ_LIBS_value=
ac_cv_env_LDFLAGS_set=
ac_cv_env_LDFLAGS_value=
ac_cv_env_LIBPNG_CFLAGS_set=
ac_cv_env_LIBPNG_CFLAGS_value=
ac_cv_env_LIBPNG_LIBS_set=
ac_cv_env_LIBPNG_LIBS_value=
ac_cv_env_LIBS_set=
ac_cv_env_LIBS_value=
ac_cv_env_LT_SYS_LIBRARY_PATH_set=
ac_cv_env_LT_SYS_LIBRARY_PATH_value=
ac_cv_env_PKG_CONFIG_LIBDIR_set=
ac_cv_env_PKG_CONFIG_LIBDIR_value=
ac_cv_env_PKG_CONFIG_PATH_set=
ac_cv_env_PKG_CONFIG_PATH_value=
ac_cv_env_PKG_CONFIG_set=
ac_cv_env_PKG_CONFIG_value=
ac_cv_env_ZLIB_CFLAGS_set=
ac_cv_env_ZLIB_CFLAGS_value=
ac_cv_env_ZLIB_LIBS_set=
ac_cv_env_ZLIB_LIBS_value=
ac_cv_env_build_alias_set=
ac_cv_env_build_alias_value=
ac_cv_env_host_alias_set=
ac_cv_env_host_alias_value=
ac_cv_env_target_alias_set=
ac_cv_env_target_alias_value=
ac_cv_func_getpagesize=yes
ac_cv_func_memcpy=yes
ac_cv_func_memmove=yes
ac_cv_func_mmap_fixed_mapped=yes
ac_cv_have_decl_munmap=yes
ac_cv_header_dlfcn_h=yes
ac_cv_header_fcntl_h=yes
ac_cv_header_inttypes_h=yes
ac_cv_header_memory_h=yes
ac_cv_header_stdc=yes
ac_cv_header_stdint_h=yes
ac_cv_header_stdlib_h=yes
ac_cv_header_string_h=yes
ac_cv_header_strings_h=yes
ac_cv_header_sys_param_h=yes
ac_cv_header_sys_stat_h=yes
ac_cv_header_sys_types_h=yes
ac_cv_header_unistd_h=yes
ac_cv_header_windows_h=no
ac_cv_host=x86_64-pc-linux-gnu
ac_cv_lib_bz2_BZ2_bzDecompress=no
ac_cv_objext=o
ac_cv_path_EGREP='/usr/bin/grep -E'
ac_cv_path_FGREP='/usr/bin/grep -F'
ac_cv_path_GREP=/usr/bin/grep
ac_cv_path_SED=/usr/bin/sed
ac_cv_path_ac_pt_PKG_CONFIG=/usr/bin/pkg-config
ac_cv_path_install='/usr/bin/install -c'
ac_cv_path_lt_DD=/usr/bin/dd
ac_cv_path_mkdir=/usr/bin/mkdir
ac_cv_prog_AWK=mawk
ac_cv_prog_CPP='gcc -E'
ac_cv_prog_PYTHON=python3
ac_cv_prog_ac_ct_AR=ar
ac_cv_prog_ac_ct_CC=gcc
ac_cv_prog_ac_ct_MANIFEST_TOOL=mt
ac_cv_prog_ac_ct_OBJDUMP=objdump
ac_cv_prog_ac_ct_RANLIB=ranlib
ac_cv_prog_ac_ct_STRIP=strip
ac_cv_prog_cc_c89=
ac_cv_prog_cc_g=yes
ac_cv_search_clock_gettime='none required'
ac_cv_sizeof_int=4
ac_cv_sizeof_long=8
ac_cv_sys_file_offset_bits=no
ac_cv_sys_largefile_CC=no
ac_cv_type_long_long_int=yes
ac_cv_type_unsigned_long_long_int=yes
lt_cv_ar_at_file=@
lt_cv_archive_cmds_need_lc=no
lt_cv_deplibs_check_method=pass_all
lt_cv_file_magic_cmd='$MAGIC_CMD'
lt_cv_file_magic_test_file=
lt_cv_ld_reload_flag=-r
lt_cv_nm_interface='BSD nm'
lt_cv_objdir=.libs
lt_cv_path_LD=/usr/bin/ld
lt_cv_path_NM='/usr/bin/nm -B'
lt_cv_path_mainfest_tool=no
lt_cv_prog_compiler_c_o=yes
lt_cv_prog_compiler_pic='-fPIC -DPIC'
lt_cv_prog_compiler_pic_works=yes
lt_cv_prog_compiler_rtti_exceptions=no
lt_cv_prog_compiler_static_works=yes
lt_cv_prog_gnu_ld=yes
lt_cv_sharedlib_from_linklib_cmd='printf %s\n'
lt_cv_shlibpath_overrides_runpath=yes
lt_cv_sys_global_symbol_pipe='sed -n -e '\''s/^.*[	 ]\([ABCDGIRSTW][ABCDGIRSTW]*\)[	 ][	 ]*\([_A-Za-z][_A-Za-z0-9]*\)$/\1 \2 \2/p'\'' | sed '\''/ __gnu_lto/d'\'''
lt_cv_sys_global_symbol_to_c_name_address='sed -n -e '\''s/^: \(.*\) .*$/  {"\1", (void *) 0},/p'\'' -e '\''s/^[ABCDGIRSTW][ABCDGIRSTW]* .* \(.*\)$/  {"\1", (void *) \&\1},/p'\'''
lt_cv_sys_global_symbol_to_c_name_address_lib_prefix='sed -n -e '\''s/^: \(.*\) .*$/  {"\1", (void *) 0},/p'\'' -e '\''s/^[ABCDGIRSTW][ABCDGIRSTW]* .* \(lib.*\)$/  {"\1", (void *) \&\1},/p'\'' -e '\''s/^[ABCDGIRSTW][ABCDGIRSTW]* .* \(.*\)$/  {"lib\1", (void *) \&\1},/p'\'''
lt_cv_sys_global_symbol_to_cdecl='sed -n -e '\''s/^T .* \(.*\)$/extern int \1();/p'\'' -e '\''s/^[ABCDGIRSTW][ABCDGIRSTW]* .* \(.*\)$/extern char \1;/p'\'''
lt_cv_sys_global_symbol_to_import=
lt_cv_sys_max_cmd_len=1572864
lt_cv_to_host_file_cmd=func_convert_file_noop
lt_cv_to_tool_file_cmd=func_convert_file_noop
lt_cv_truncate_bin='/usr/bin/dd bs=4096 count=1'
pkg_cv_ZLIB_CFLAGS=
pkg_cv_ZLIB_LIBS=-lz

## ----------------- ##
## Output variables. ##
## ----------------- ##

AR='ar'
AS='as'
AWK='mawk'
BZIP2_CFLAGS=''
BZIP2_LIBS=''
CC='gcc'
CC_BUILD='gcc'
CFLAGS='-g -O2 -fvisibility=hidden '
CPP='gcc -E'
CPPFLAGS=''
DEFS='-DHAVE_CONFIG_H'
DLLTOOL='false'
DSYMUTIL=''
DUMPBIN=''
ECHO_C=''
ECHO_N='-n'
ECHO_T=''
EGREP='/usr/bin/grep -E'
EXEEXT=''
EXEEXT_BUILD=''
FGREP='/usr/bin/grep -F'
FTSYS_SRC='$(BUILD_DIR)/ftsystem.c'
GREP='/usr/bin/grep'
HARFBUZZ_CFLAGS=''
HARFBUZZ_LIBS=''
INSTALL_DATA='${INSTALL} -m 644'
INSTALL_FT2_CONFIG='FALSE'
INSTALL_PROGRAM='${INSTALL}'
INSTALL_SCRIPT='${INSTALL}'
LD='/usr/bin/ld -m elf_x86_64'
LDFLAGS=' -lz'
LIBOBJS=''
LIBPNG_CFLAGS=''
LIBPNG_LIBS=''
LIBS=''
LIBSSTATIC_CONFIG='-lfreetype -lz'
LIBS_PRIVATE=''
LIBTOOL='$(SHELL) $(top_builddir)/libtool'
LIB_CLOCK_GETTIME=''
LIPO=''
LN_S='ln -s'
LTLIBOBJS=''
LT_SYS_LIBRARY_PATH=''
MANIFEST_TOOL=':'
MKDIR_P='/usr/bin/mkdir -p'
NM='/usr/bin/nm -B'
NMEDIT=''
OBJDUMP='objdump'
OBJEXT='o'
OTOOL64=''
OTOOL=''
PACKAGE_BUGREPORT='freetype@nongnu.org'
PACKAGE_NAME='FreeType'
PACKAGE_STRING='FreeType 2.10'
PACKAGE_TARNAME='freetype'
PACKAGE_URL=''
PACKAGE_VERSION='2.10'
PATH_SEPARATOR=':'
PIP='missing'
PKG_CONFIG='/usr/bin/pkg-config'
PKG_CONFIG_LIBDIR=''
PKG_CONFIG_PATH=''
PYTHON='python3'
RANLIB='ranlib'
RC=''
REQUIRES_PRIVATE='zlib'
SED='/usr/bin/sed'
SHELL='/bin/bash'
STRIP='strip'
XX_ANSIFLAGS=' -pedantic -ansi'
XX_CFLAGS='-Wall'
ZLIB_CFLAGS=''
ZLIB_LIBS='-lz'
ac_ct_AR='ar'
ac_ct_CC='gcc'
ac_ct_DUMPBIN=''
bindir='${exec_prefix}/bin'
build='x86_64-pc-linux-gnu'
build_alias=''
build_cpu='x86_64'
build_libtool_libs=''
build_os='linux-gnu'
build_vendor='pc'
datadir='${datarootdir}'
datarootdir='${prefix}/share'
docdir='${datarootdir}/doc/${PACKAGE_TARNAME}'
dvidir='${docdir}'
exec_prefix='${prefix}'
ft_version='23.0.17'
ftmac_c=''
hardcode_libdir_flag_spec='$wl-rpath $wl$libdir'
host='x86_64-pc-linux-gnu'
host_alias=''
host_cpu='x86_64'
host_os='linux-gnu'
host_vendor='pc'
htmldir='${docdir}'
includedir='${prefix}/include'
infodir='${datarootdir}/info'
libdir='${exec_prefix}/lib'
libexecdir='${exec_prefix}/libexec'
localedir='${datarootdir}/locale'
localstatedir='${prefix}/var'
mandir='${datarootdir}/man'
oldincludedir='/usr/include'
pdfdir='${docdir}'
prefix='/usr/local'
program_transform_name='s,x,x,'
psdir='${docdir}'
runstatedir='${localstatedir}/run'
sbindir='${exec_prefix}/sbin'
sharedstatedir='${prefix}/com'
sysconfdir='${prefix}/etc'
target_alias=''
version_info='23:0:17'
wl='-Wl,'

## ----------- ##
## confdefs.h. ##
## ----------- ##

/* confdefs.h */
#define PACKAGE_NAME "FreeType"
#define PACKAGE_TARNAME "freetype"
#define PACKAGE_VERSION "2.10"
#define PACKAGE_STRING "FreeType 2.10"
#define PACKAGE_BUGREPORT "freetype@nongnu.org"
#define PACKAGE_URL ""
#define STDC_HEADERS 1
#define HAVE_SYS_TYPES_H 1
#define HAVE_SYS_STAT_H 1
#define HAVE_STDLIB_H 1
#define HAVE_STRING_H 1
#define HAVE_MEMORY_H 1
#define HAVE_STRINGS_H 1
#define HAVE_INTTYPES_H 1
#define HAVE_STDINT_H 1
#define HAVE_UNISTD_H 1
#define HAVE_DLFCN_H 1
#define LT_OBJDIR ".libs/"
#define STDC_HEADERS 1
#define HAVE_FCNTL_H 1
#define HAVE_UNISTD_H 1
#define SIZEOF_INT 4
#define SIZEOF_LONG 8
#define HAVE_UNSIGNED_LONG_LONG_INT 1
#define HAVE_LONG_LONG_INT 1
#define HAVE_STDLIB_H 1
#define HAVE_UNISTD_H 1
#define HAVE_SYS_PARAM_H 1
#define HAVE_GETPAGESIZE 1
#define HAVE_MMAP 1
#define HAVE_DECL_MUNMAP 1
#define MUNMAP_USES_VOIDP /**/
#define HAVE_MEMCPY 1
#define HAVE_MEMMOVE 1

configure: exit 0
